2023-12-19 18:32:45,138 INFO o.a.j.u.JMeterUtils: Setting Locale to en_EN
2023-12-19 18:32:45,196 INFO o.a.j.JMeter: Loading user properties from: C:\JMETER\JMETER\bin\user.properties
2023-12-19 18:32:45,198 INFO o.a.j.JMeter: Loading system properties from: C:\JMETER\JMETER\bin\system.properties
2023-12-19 18:32:45,219 INFO o.a.j.JMeter: Copyright (c) 1998-2023 The Apache Software Foundation
2023-12-19 18:32:45,219 INFO o.a.j.JMeter: Version 5.6.2
2023-12-19 18:32:45,219 INFO o.a.j.JMeter: java.version=21.0.1
2023-12-19 18:32:45,219 INFO o.a.j.JMeter: java.vm.name=Java HotSpot(TM) 64-Bit Server VM
2023-12-19 18:32:45,220 INFO o.a.j.JMeter: os.name=Windows 8.1
2023-12-19 18:32:45,220 INFO o.a.j.JMeter: os.arch=amd64
2023-12-19 18:32:45,220 INFO o.a.j.JMeter: os.version=6.3
2023-12-19 18:32:45,220 INFO o.a.j.JMeter: file.encoding=UTF-8
2023-12-19 18:32:45,220 INFO o.a.j.JMeter: java.awt.headless=true
2023-12-19 18:32:45,220 INFO o.a.j.JMeter: Max memory     =1073741824
2023-12-19 18:32:45,221 INFO o.a.j.JMeter: Available Processors =4
2023-12-19 18:32:45,253 INFO o.a.j.JMeter: Default Locale=English (EN)
2023-12-19 18:32:45,254 INFO o.a.j.JMeter: JMeter  Locale=English (EN)
2023-12-19 18:32:45,254 INFO o.a.j.JMeter: JMeterHome=C:\JMETER\JMETER
2023-12-19 18:32:45,254 INFO o.a.j.JMeter: user.dir  =C:\JMETER\JMETER-TEST
2023-12-19 18:32:45,255 INFO o.a.j.JMeter: PWD       =C:\JMETER\JMETER-TEST
2023-12-19 18:32:45,257 INFO o.a.j.JMeter: IP: 192.168.0.112 Name: HP-PC FullName: HP-PC
2023-12-19 18:32:45,294 INFO o.a.j.JMeter: Setting property 'jmeter.reportgenerator.outputdir' to:'C:\JMETER\JMETER-TEST\.\RESULT-6'
2023-12-19 18:32:45,300 INFO o.a.j.s.FileServer: Default base='C:\JMETER\JMETER-TEST'
2023-12-19 18:32:45,304 INFO o.a.j.s.FileServer: Set new base='C:\JMETER\JMETER-TEST\.'
2023-12-19 18:32:46,004 INFO o.a.j.s.SaveService: Testplan (JMX) version: 2.2. Testlog (JTL) version: 2.2
2023-12-19 18:32:46,097 INFO o.a.j.s.SaveService: Using SaveService properties version 5.0
2023-12-19 18:32:46,107 INFO o.a.j.s.SaveService: Using SaveService properties file encoding UTF-8
2023-12-19 18:32:46,118 INFO o.a.j.s.SaveService: Loading file: .\LIS9-6.jmx
2023-12-19 18:32:46,239 INFO o.a.j.p.h.c.CookieManager: Settings: Delete null: true Check: true Allow variable: true Save: false Prefix: COOKIE_
2023-12-19 18:32:46,248 INFO o.a.j.p.h.c.CacheManager: Will only cache the following methods: [GET]
2023-12-19 18:32:46,328 INFO o.a.j.p.h.s.HTTPSamplerBase: Parser for text/html is org.apache.jmeter.protocol.http.parser.LagartoBasedHtmlParser
2023-12-19 18:32:46,329 INFO o.a.j.p.h.s.HTTPSamplerBase: Parser for application/xhtml+xml is org.apache.jmeter.protocol.http.parser.LagartoBasedHtmlParser
2023-12-19 18:32:46,329 INFO o.a.j.p.h.s.HTTPSamplerBase: Parser for application/xml is org.apache.jmeter.protocol.http.parser.LagartoBasedHtmlParser
2023-12-19 18:32:46,330 INFO o.a.j.p.h.s.HTTPSamplerBase: Parser for text/xml is org.apache.jmeter.protocol.http.parser.LagartoBasedHtmlParser
2023-12-19 18:32:46,330 INFO o.a.j.p.h.s.HTTPSamplerBase: Parser for text/vnd.wap.wml is org.apache.jmeter.protocol.http.parser.RegexpHTMLParser
2023-12-19 18:32:46,330 INFO o.a.j.p.h.s.HTTPSamplerBase: Parser for text/css is org.apache.jmeter.protocol.http.parser.CssParser
2023-12-19 18:32:46,741 INFO o.a.j.JMeter: Creating summariser <summary>
2023-12-19 18:32:46,761 INFO o.a.j.r.d.ReportGenerator: ReportGenerator will use for Parsing the separator: ','
2023-12-19 18:32:46,761 INFO o.a.j.r.d.ReportGenerator: Will generate report at end of test from  results file: log-6.jlt
2023-12-19 18:32:46,762 INFO o.a.j.r.d.ReportGenerator: Reading report generator properties from: C:\JMETER\JMETER\bin\reportgenerator.properties
2023-12-19 18:32:46,765 INFO o.a.j.r.d.ReportGenerator: Merging with JMeter properties
2023-12-19 18:32:46,782 INFO o.a.j.r.c.ReportGeneratorConfiguration: Property 'jmeter.reportgenerator.temp_dir' not found, using default value 'temp' instead.
2023-12-19 18:32:46,793 INFO o.a.j.r.c.ReportGeneratorConfiguration: Property 'jmeter.reportgenerator.apdex_per_transaction' not found, using default value 'null' instead.
2023-12-19 18:32:46,794 INFO o.a.j.r.c.ReportGeneratorConfiguration: apdex_per_transaction is empty, not APDEX per transaction customization
2023-12-19 18:32:46,794 INFO o.a.j.r.c.ReportGeneratorConfiguration: Property 'jmeter.reportgenerator.sample_filter' not found, using default value 'null' instead.
2023-12-19 18:32:46,795 INFO o.a.j.r.c.ReportGeneratorConfiguration: Property 'jmeter.reportgenerator.report_title' not found, using default value 'null' instead.
2023-12-19 18:32:46,796 INFO o.a.j.r.c.ReportGeneratorConfiguration: Property 'jmeter.reportgenerator.start_date' not found, using default value 'null' instead.
2023-12-19 18:32:46,796 INFO o.a.j.r.c.ReportGeneratorConfiguration: Property 'jmeter.reportgenerator.end_date' not found, using default value 'null' instead.
2023-12-19 18:32:46,796 INFO o.a.j.r.c.ReportGeneratorConfiguration: Property 'jmeter.reportgenerator.date_format' not found, using default value 'null' instead.
2023-12-19 18:32:46,798 INFO o.a.j.r.c.ReportGeneratorConfiguration: Will use date range start date: null, end date: null
2023-12-19 18:32:46,811 INFO o.a.j.r.c.ReportGeneratorConfiguration: Property 'jmeter.reportgenerator.graph.totalTPS.exclude_controllers' not found, using default value 'false' instead.
2023-12-19 18:32:46,813 INFO o.a.j.r.c.ReportGeneratorConfiguration: Property 'jmeter.reportgenerator.graph.activeThreadsOverTime.exclude_controllers' not found, using default value 'false' instead.
2023-12-19 18:32:46,814 INFO o.a.j.r.c.ReportGeneratorConfiguration: Property 'jmeter.reportgenerator.graph.timeVsThreads.exclude_controllers' not found, using default value 'false' instead.
2023-12-19 18:32:46,814 INFO o.a.j.r.c.ReportGeneratorConfiguration: Property 'jmeter.reportgenerator.graph.responseTimeDistribution.exclude_controllers' not found, using default value 'false' instead.
2023-12-19 18:32:46,815 INFO o.a.j.r.c.ReportGeneratorConfiguration: Property 'jmeter.reportgenerator.graph.transactionsPerSecond.exclude_controllers' not found, using default value 'false' instead.
2023-12-19 18:32:46,816 INFO o.a.j.r.c.ReportGeneratorConfiguration: Property 'jmeter.reportgenerator.graph.responseTimePercentiles.exclude_controllers' not found, using default value 'false' instead.
2023-12-19 18:32:46,817 INFO o.a.j.r.c.ReportGeneratorConfiguration: Property 'jmeter.reportgenerator.graph.responseTimePercentilesOverTime.exclude_controllers' not found, using default value 'false' instead.
2023-12-19 18:32:46,817 INFO o.a.j.r.c.ReportGeneratorConfiguration: Property 'jmeter.reportgenerator.graph.responseTimesOverTime.exclude_controllers' not found, using default value 'false' instead.
2023-12-19 18:32:46,818 INFO o.a.j.r.c.ReportGeneratorConfiguration: Property 'jmeter.reportgenerator.graph.connectTimeOverTime.exclude_controllers' not found, using default value 'false' instead.
2023-12-19 18:32:46,819 INFO o.a.j.r.c.ReportGeneratorConfiguration: Property 'jmeter.reportgenerator.graph.latenciesOverTime.exclude_controllers' not found, using default value 'false' instead.
2023-12-19 18:32:46,822 INFO o.a.j.r.c.ReportGeneratorConfiguration: Property 'jmeter.reportgenerator.exporter.json.filters_only_sample_series' not found, using default value 'true' instead.
2023-12-19 18:32:46,823 INFO o.a.j.r.c.ReportGeneratorConfiguration: Property 'jmeter.reportgenerator.exporter.json.series_filter' not found, using default value '' instead.
2023-12-19 18:32:46,823 INFO o.a.j.r.c.ReportGeneratorConfiguration: Property 'jmeter.reportgenerator.exporter.json.show_controllers_only' not found, using default value 'false' instead.
2023-12-19 18:32:46,825 INFO o.a.j.r.c.ReportGeneratorConfiguration: Property 'jmeter.reportgenerator.exporter.html.filters_only_sample_series' not found, using default value 'true' instead.
2023-12-19 18:32:46,825 INFO o.a.j.r.c.ReportGeneratorConfiguration: Property 'jmeter.reportgenerator.exporter.html.series_filter' not found, using default value '' instead.
2023-12-19 18:32:46,826 INFO o.a.j.r.c.ReportGeneratorConfiguration: Property 'jmeter.reportgenerator.exporter.html.show_controllers_only' not found, using default value 'false' instead.
2023-12-19 18:32:46,892 INFO o.a.j.e.StandardJMeterEngine: Running the test!
2023-12-19 18:32:46,897 INFO o.a.j.s.SampleEvent: List of sample_variables: []
2023-12-19 18:32:46,897 INFO o.a.j.s.SampleEvent: List of sample_variables: []
2023-12-19 18:32:46,918 INFO o.a.j.e.u.CompoundVariable: Note: Function class names must contain the string: '.functions.'
2023-12-19 18:32:46,919 INFO o.a.j.e.u.CompoundVariable: Note: Function class names must not contain the string: '.gui.'
2023-12-19 18:32:47,316 INFO o.a.j.JMeter: Running test (1702992767316)
2023-12-19 18:32:47,393 INFO o.a.j.e.StandardJMeterEngine: Starting ThreadGroup: 1 : LIS9-6
2023-12-19 18:32:47,394 INFO o.a.j.e.StandardJMeterEngine: Starting 6 threads for group LIS9-6.
2023-12-19 18:32:47,395 INFO o.a.j.e.StandardJMeterEngine: Thread will continue on error
2023-12-19 18:32:47,395 INFO o.a.j.t.ThreadGroup: Starting thread group... number=1 threads=6 ramp-up=1 delayedStart=false
2023-12-19 18:32:47,550 INFO o.a.j.s.SampleResult: Note: Sample TimeStamps are START times
2023-12-19 18:32:47,551 INFO o.a.j.s.SampleResult: sampleresult.default.encoding is set to UTF-8
2023-12-19 18:32:47,551 INFO o.a.j.s.SampleResult: sampleresult.useNanoTime=true
2023-12-19 18:32:47,551 INFO o.a.j.s.SampleResult: sampleresult.nanoThreadSleep=5000
2023-12-19 18:32:47,553 INFO o.a.j.t.JMeterThread: Thread started: LIS9-6 1-1
2023-12-19 18:32:47,642 INFO o.a.j.p.h.s.HTTPHCAbstractImpl: Local host = HP-PC
2023-12-19 18:32:47,680 INFO o.a.j.p.h.s.HTTPHC4Impl: HTTP request retry count = 0
2023-12-19 18:32:47,700 INFO o.a.j.t.ThreadGroup: Started thread group number 1
2023-12-19 18:32:47,701 INFO o.a.j.e.StandardJMeterEngine: All thread groups have been started
2023-12-19 18:32:47,702 INFO o.a.j.t.JMeterThread: Thread started: LIS9-6 1-2
2023-12-19 18:32:47,881 INFO o.a.j.t.JMeterThread: Thread started: LIS9-6 1-3
2023-12-19 18:32:47,944 INFO o.a.j.t.JMeterThread: Thread started: LIS9-6 1-4
2023-12-19 18:32:47,958 INFO o.a.j.p.h.s.h.LazyLayeredConnectionSocketFactory: Setting up HTTPS TrustAll Socket Factory
2023-12-19 18:32:47,982 INFO o.a.j.u.JsseSSLManager: Using default SSL protocol: TLS
2023-12-19 18:32:47,983 INFO o.a.j.u.JsseSSLManager: SSL session context: per-thread
2023-12-19 18:32:48,149 INFO o.a.j.t.JMeterThread: Thread started: LIS9-6 1-5
2023-12-19 18:32:48,255 INFO o.a.j.u.SSLManager: JmeterKeyStore Location:  type JKS
2023-12-19 18:32:48,264 INFO o.a.j.u.SSLManager: KeyStore created OK
2023-12-19 18:32:48,264 WARN o.a.j.u.SSLManager: Keystore file not found, loading empty keystore
2023-12-19 18:32:48,337 INFO o.a.j.t.JMeterThread: Thread started: LIS9-6 1-6
2023-12-19 18:33:00,022 INFO o.a.j.r.Summariser: summary +    281 in 00:00:13 =   22.1/s Avg:   153 Min:    34 Max:  1578 Err:    19 (6.76%) Active: 6 Started: 6 Finished: 0
2023-12-19 18:33:28,653 INFO o.a.j.t.JMeterThread: Thread is done: LIS9-6 1-2
2023-12-19 18:33:28,654 INFO o.a.j.t.JMeterThread: Thread finished: LIS9-6 1-2
2023-12-19 18:33:29,029 INFO o.a.j.t.JMeterThread: Thread is done: LIS9-6 1-1
2023-12-19 18:33:29,030 INFO o.a.j.t.JMeterThread: Thread finished: LIS9-6 1-1
2023-12-19 18:33:30,007 INFO o.a.j.r.Summariser: summary +    314 in 00:00:30 =   10.5/s Avg:    74 Min:    35 Max:   714 Err:    21 (6.69%) Active: 4 Started: 6 Finished: 2
2023-12-19 18:33:30,009 INFO o.a.j.r.Summariser: summary =    595 in 00:00:43 =   13.9/s Avg:   112 Min:    34 Max:  1578 Err:    40 (6.72%)
2023-12-19 18:33:31,362 INFO o.a.j.t.JMeterThread: Thread is done: LIS9-6 1-5
2023-12-19 18:33:31,362 INFO o.a.j.t.JMeterThread: Thread finished: LIS9-6 1-5
2023-12-19 18:33:38,667 INFO o.a.j.t.JMeterThread: Thread is done: LIS9-6 1-3
2023-12-19 18:33:38,667 INFO o.a.j.t.JMeterThread: Thread finished: LIS9-6 1-3
2023-12-19 18:33:40,515 INFO o.a.j.t.JMeterThread: Thread is done: LIS9-6 1-4
2023-12-19 18:33:40,515 INFO o.a.j.t.JMeterThread: Thread finished: LIS9-6 1-4
2023-12-19 18:33:44,782 INFO o.a.j.t.JMeterThread: Thread is done: LIS9-6 1-6
2023-12-19 18:33:44,782 INFO o.a.j.t.JMeterThread: Thread finished: LIS9-6 1-6
2023-12-19 18:33:44,786 INFO o.a.j.e.StandardJMeterEngine: Notifying test listeners of end of test
2023-12-19 18:33:44,788 INFO o.a.j.r.Summariser: summary +    107 in 00:00:15 =    7.2/s Avg:    78 Min:    36 Max:   394 Err:     8 (7.48%) Active: 0 Started: 6 Finished: 6
2023-12-19 18:33:44,790 INFO o.a.j.r.Summariser: summary =    702 in 00:00:57 =   12.2/s Avg:   106 Min:    34 Max:  1578 Err:    48 (6.84%)
2023-12-19 18:33:44,794 INFO o.a.j.JMeter: Generating Dashboard
2023-12-19 18:33:44,794 INFO o.a.j.r.d.ReportGenerator: Flushing result collector before report Generation
2023-12-19 18:33:44,840 INFO o.a.j.r.p.NormalizerSampleConsumer: Using format, 'ms', to parse timeStamp field
2023-12-19 18:33:45,331 INFO o.a.j.r.p.AbstractSampleConsumer: class org.apache.jmeter.report.processor.AggregateConsumer#stopProducing(): beginDate produced 0 samples
2023-12-19 18:33:45,332 INFO o.a.j.r.p.AbstractSampleConsumer: class org.apache.jmeter.report.processor.AggregateConsumer#stopProducing(): endDate produced 0 samples
2023-12-19 18:33:45,338 INFO o.a.j.r.p.AbstractSampleConsumer: class org.apache.jmeter.report.processor.ApdexSummaryConsumer#stopProducing(): apdexSummary produced 0 samples
2023-12-19 18:33:45,339 INFO o.a.j.r.p.AbstractSampleConsumer: class org.apache.jmeter.report.processor.RequestsSummaryConsumer#stopProducing(): requestsSummary produced 0 samples
2023-12-19 18:33:45,359 INFO o.a.j.r.p.AbstractSampleConsumer: class org.apache.jmeter.report.processor.StatisticsSummaryConsumer#stopProducing(): statisticsSummary produced 0 samples
2023-12-19 18:33:45,366 INFO o.a.j.r.p.AbstractSampleConsumer: class org.apache.jmeter.report.processor.Top5ErrorsBySamplerConsumer#stopProducing(): top5ErrorsBySampler produced 0 samples
2023-12-19 18:33:45,367 INFO o.a.j.r.p.AbstractSampleConsumer: class org.apache.jmeter.report.processor.ErrorsSummaryConsumer#stopProducing(): errorsSummary produced 0 samples
2023-12-19 18:33:45,368 INFO o.a.j.r.p.AbstractSampleConsumer: class org.apache.jmeter.report.processor.graph.impl.HitsPerSecondGraphConsumer#stopProducing(): hitsPerSecond produced 0 samples
2023-12-19 18:33:45,485 INFO o.a.j.r.p.AbstractSampleConsumer: class org.apache.jmeter.report.processor.graph.impl.LatencyVSRequestGraphConsumer#stopProducing(): latencyVsRequest produced 0 samples
2023-12-19 18:33:45,487 INFO o.a.j.r.p.AbstractSampleConsumer: class org.apache.jmeter.report.processor.graph.impl.SyntheticResponseTimeDistributionGraphConsumer#stopProducing(): syntheticResponseTimeDistribution produced 0 samples
2023-12-19 18:33:45,493 INFO o.a.j.r.p.AbstractSampleConsumer: class org.apache.jmeter.report.processor.graph.impl.BytesThroughputGraphConsumer#stopProducing(): bytesThroughputOverTime produced 0 samples
2023-12-19 18:33:45,493 INFO o.a.j.r.p.AbstractSampleConsumer: class org.apache.jmeter.report.processor.graph.impl.CodesPerSecondGraphConsumer#stopProducing(): codesPerSecond produced 0 samples
2023-12-19 18:33:45,544 INFO o.a.j.r.p.AbstractSampleConsumer: class org.apache.jmeter.report.processor.graph.impl.ResponseTimeVSRequestGraphConsumer#stopProducing(): responseTimeVsRequest produced 0 samples
2023-12-19 18:33:45,546 INFO o.a.j.r.p.AbstractSampleConsumer: class org.apache.jmeter.report.processor.FilterConsumer#stopProducing(): startIntervalControlerFilter produced 4914 samples
2023-12-19 18:33:45,546 INFO o.a.j.r.p.AbstractSampleConsumer: class org.apache.jmeter.report.processor.graph.impl.TotalTPSGraphConsumer#stopProducing(): totalTPS produced 0 samples
2023-12-19 18:33:45,547 INFO o.a.j.r.p.AbstractSampleConsumer: class org.apache.jmeter.report.processor.graph.impl.ActiveThreadsGraphConsumer#stopProducing(): activeThreadsOverTime produced 0 samples
2023-12-19 18:33:45,547 INFO o.a.j.r.p.AbstractSampleConsumer: class org.apache.jmeter.report.processor.graph.impl.TimeVSThreadGraphConsumer#stopProducing(): timeVsThreads produced 0 samples
2023-12-19 18:33:45,553 INFO o.a.j.r.p.AbstractSampleConsumer: class org.apache.jmeter.report.processor.graph.impl.ResponseTimeDistributionGraphConsumer#stopProducing(): responseTimeDistribution produced 0 samples
2023-12-19 18:33:45,554 INFO o.a.j.r.p.AbstractSampleConsumer: class org.apache.jmeter.report.processor.graph.impl.TransactionsPerSecondGraphConsumer#stopProducing(): transactionsPerSecond produced 0 samples
2023-12-19 18:33:45,556 INFO o.a.j.r.p.AbstractSampleConsumer: class org.apache.jmeter.report.processor.graph.impl.ResponseTimePercentilesGraphConsumer#stopProducing(): responseTimePercentiles produced 0 samples
2023-12-19 18:33:45,572 INFO o.a.j.r.p.AbstractSampleConsumer: class org.apache.jmeter.report.processor.graph.impl.ResponseTimePercentilesOverTimeGraphConsumer#stopProducing(): responseTimePercentilesOverTime produced 0 samples
2023-12-19 18:33:45,573 INFO o.a.j.r.p.AbstractSampleConsumer: class org.apache.jmeter.report.processor.graph.impl.ResponseTimeOverTimeGraphConsumer#stopProducing(): responseTimesOverTime produced 0 samples
2023-12-19 18:33:45,574 INFO o.a.j.r.p.AbstractSampleConsumer: class org.apache.jmeter.report.processor.graph.impl.ConnectTimeOverTimeGraphConsumer#stopProducing(): connectTimeOverTime produced 0 samples
2023-12-19 18:33:45,575 INFO o.a.j.r.p.AbstractSampleConsumer: class org.apache.jmeter.report.processor.graph.impl.LatencyOverTimeGraphConsumer#stopProducing(): latenciesOverTime produced 0 samples
2023-12-19 18:33:45,576 INFO o.a.j.r.p.AbstractSampleConsumer: class org.apache.jmeter.report.processor.FilterConsumer#stopProducing(): nameFilter produced 10620 samples
2023-12-19 18:33:45,576 INFO o.a.j.r.p.AbstractSampleConsumer: class org.apache.jmeter.report.processor.FilterConsumer#stopProducing(): dateRangeFilter produced 2124 samples
2023-12-19 18:33:45,576 INFO o.a.j.r.p.AbstractSampleConsumer: class org.apache.jmeter.report.processor.NormalizerSampleConsumer#stopProducing(): normalizer produced 708 samples
2023-12-19 18:33:45,578 INFO o.a.j.r.p.CsvFileSampleSource: produce(): 708 samples produced in 661ms on channel 0
2023-12-19 18:33:45,579 INFO o.a.j.r.d.ReportGenerator: Exporting data using exporter:'json' of className:'org.apache.jmeter.report.dashboard.JsonExporter'
2023-12-19 18:33:45,983 INFO o.a.j.r.d.JsonExporter: Found data for consumer statisticsSummary in context
2023-12-19 18:33:45,984 INFO o.a.j.r.d.JsonExporter: Creating statistics for overall
2023-12-19 18:33:45,989 INFO o.a.j.r.d.JsonExporter: Creating statistics for other transactions
2023-12-19 18:33:45,992 INFO o.a.j.r.d.JsonExporter: Checking output folder
2023-12-19 18:33:45,994 INFO o.a.j.r.d.JsonExporter: Writing statistics JSON to C:\JMETER\JMETER-TEST\.\RESULT-6\statistics.json
2023-12-19 18:33:46,143 INFO o.a.j.r.d.ReportGenerator: Exporting data using exporter:'html' of className:'org.apache.jmeter.report.dashboard.HtmlTemplateExporter'
2023-12-19 18:33:46,151 INFO o.a.j.r.d.HtmlTemplateExporter: Will generate dashboard in folder: C:\JMETER\JMETER-TEST\.\RESULT-6
2023-12-19 18:33:46,829 INFO o.a.j.r.d.HtmlTemplateExporter: Report will be generated in: C:\JMETER\JMETER-TEST\.\RESULT-6, creating folder structure
2023-12-19 18:33:46,837 INFO o.a.j.r.d.TemplateVisitor: Copying folder from 'C:\JMETER\JMETER\bin\report-template' to 'C:\JMETER\JMETER-TEST\.\RESULT-6', got message: C:\JMETER\JMETER-TEST\.\RESULT-6, found non empty folder with following content [C:\JMETER\JMETER-TEST\.\RESULT-6\statistics.json], will be ignored
2023-12-19 18:33:48,007 INFO o.a.j.JMeter: Dashboard generated
